d:\developcode\remotectrl\remotectrl\x64\debug\remotectrl.pch
d:\developcode\remotectrl\remotectrl\x64\debug\vc143.pdb
d:\developcode\remotectrl\remotectrl\x64\debug\vc143.idb
d:\developcode\remotectrl\remotectrl\x64\debug\pch.obj
d:\developcode\remotectrl\remotectrl\x64\debug\remotectrl.obj
d:\developcode\remotectrl\x64\debug\remotectrl.exe
d:\developcode\remotectrl\x64\debug\remotectrl.pdb
d:\developcode\remotectrl\remotectrl\x64\debug\remotectrl.res
d:\developcode\remotectrl\remotectrl\x64\debug\remotectrl.ilk
d:\developcode\remotectrl\remotectrl\x64\debug\remotectrl.tlog\cl.command.1.tlog
d:\developcode\remotectrl\remotectrl\x64\debug\remotectrl.tlog\cl.items.tlog
d:\developcode\remotectrl\remotectrl\x64\debug\remotectrl.tlog\cl.read.1.tlog
d:\developcode\remotectrl\remotectrl\x64\debug\remotectrl.tlog\cl.write.1.tlog
d:\developcode\remotectrl\remotectrl\x64\debug\remotectrl.tlog\link.command.1.tlog
d:\developcode\remotectrl\remotectrl\x64\debug\remotectrl.tlog\link.read.1.tlog
d:\developcode\remotectrl\remotectrl\x64\debug\remotectrl.tlog\link.secondary.1.tlog
d:\developcode\remotectrl\remotectrl\x64\debug\remotectrl.tlog\link.write.1.tlog
d:\developcode\remotectrl\remotectrl\x64\debug\remotectrl.tlog\rc.command.1.tlog
d:\developcode\remotectrl\remotectrl\x64\debug\remotectrl.tlog\rc.read.1.tlog
d:\developcode\remotectrl\remotectrl\x64\debug\remotectrl.tlog\rc.write.1.tlog
